2022-09-04 08:27:25,974:INFO:PyCaret Supervised Module
2022-09-04 08:27:25,977:INFO:ML Usecase: regression
2022-09-04 08:27:25,979:INFO:version 2.3.10
2022-09-04 08:27:25,983:INFO:Initializing setup()
2022-09-04 08:27:25,999:INFO:setup(target=charges, ml_usecase=regression, available_plots={'parameter': 'Hyperparameters', 'residuals': 'Residuals', 'error': 'Prediction Error', 'cooks': 'Cooks Distance', 'rfe': 'Feature Selection', 'learning': 'Learning Curve', 'manifold': 'Manifold Learning', 'vc': 'Validation Curve', 'feature': 'Feature Importance', 'feature_all': 'Feature Importance (All)', 'tree': 'Decision Tree', 'residuals_interactive': 'Interactive Residuals'}, train_size=0.7, test_data=None, preprocess=True, imputation_type=simple, iterative_imputation_iters=5, categorical_features=None, categorical_imputation=constant, categorical_iterative_imputer=lightgbm, ordinal_features=None, high_cardinality_features=None, high_cardinality_method=frequency, numeric_features=None, numeric_imputation=mean, numeric_iterative_imputer=lightgbm, date_features=None, ignore_features=None, normalize=False, normalize_method=zscore, transformation=False, transformation_method=yeo-johnson, handle_unknown_categorical=True, unknown_categorical_method=least_frequent, pca=False, pca_method=linear, pca_components=None, ignore_low_variance=False, combine_rare_levels=False, rare_level_threshold=0.1, bin_numeric_features=None, remove_outliers=False, outliers_threshold=0.05, remove_multicollinearity=False, multicollinearity_threshold=0.9, remove_perfect_collinearity=True, create_clusters=False, cluster_iter=20, polynomial_features=False, polynomial_degree=2, trigonometry_features=False, polynomial_threshold=0.1, group_features=None, group_names=None, feature_selection=False, feature_selection_threshold=0.8, feature_selection_method=classic, feature_interaction=False, feature_ratio=False, interaction_threshold=0.01, fix_imbalance=False, fix_imbalance_method=None, transform_target=False, transform_target_method=box-cox, data_split_shuffle=True, data_split_stratify=False, fold_strategy=kfold, fold=10, fold_shuffle=False, fold_groups=None, n_jobs=-1, use_gpu=False, custom_pipeline=None, html=True, session_id=123, log_experiment=False, experiment_name=None, experiment_custom_tags=None, log_plots=False, log_profile=False, log_data=False, silent=False, verbose=True, profile=False, profile_kwargs=None, display=None)
2022-09-04 08:27:26,001:INFO:Checking environment
2022-09-04 08:27:26,004:INFO:python_version: 3.7.13
2022-09-04 08:27:26,005:INFO:python_build: ('default', 'Apr 24 2022 01:04:09')
2022-09-04 08:27:26,006:INFO:machine: x86_64
2022-09-04 08:27:26,009:INFO:platform: Linux-5.4.188+-x86_64-with-Ubuntu-18.04-bionic
2022-09-04 08:27:26,011:INFO:Memory: svmem(total=13617745920, available=12502806528, percent=8.2, used=850866176, free=7894974464, active=1317662720, inactive=4068581376, buffers=91119616, cached=4780785664, shared=1232896, slab=266027008)
2022-09-04 08:27:26,016:INFO:Physical Core: 1
2022-09-04 08:27:26,019:INFO:Logical Core: 2
2022-09-04 08:27:26,022:INFO:Checking libraries
2022-09-04 08:27:26,025:INFO:pd==1.3.5
2022-09-04 08:27:26,027:INFO:numpy==1.19.5
2022-09-04 08:27:26,041:INFO:sklearn==0.23.2
2022-09-04 08:27:26,042:INFO:lightgbm==3.3.2
2022-09-04 08:27:26,045:WARNING:catboost not found
2022-09-04 08:27:26,113:INFO:xgboost==0.90
2022-09-04 08:27:26,116:INFO:mlflow==1.28.0
2022-09-04 08:27:26,127:INFO:Checking Exceptions
2022-09-04 08:27:26,132:INFO:Declaring global variables
2022-09-04 08:27:26,134:INFO:USI: 7411
2022-09-04 08:27:26,135:INFO:pycaret_globals: {'_all_metrics', 'exp_name_log', 'iterative_imputation_iters_param', 'y_train', 'transform_target_param', 'display_container', 'logging_param', 'X_train', 'fold_groups_param_full', '_all_models', 'fold_param', 'X_test', '_all_models_internal', 'create_model_container', 'imputation_regressor', 'X', 'master_model_container', 'target_param', 'prep_pipe', 'n_jobs_param', 'html_param', 'dashboard_logger', '_ml_usecase', 'pycaret_globals', 'log_plots_param', 'seed', 'imputation_classifier', 'fold_shuffle_param', 'fix_imbalance_param', 'transform_target_method_param', 'experiment__', 'stratify_param', 'gpu_param', '_available_plots', 'USI', '_internal_pipeline', 'y', 'fold_groups_param', 'y_test', 'data_before_preprocess', 'fold_generator', 'fix_imbalance_method_param', '_gpu_n_jobs_param'}
2022-09-04 08:27:26,139:INFO:Preparing display monitor
2022-09-04 08:27:26,142:INFO:Preparing display monitor
2022-09-04 08:27:26,292:INFO:Importing libraries
2022-09-04 08:27:26,293:INFO:Copying data for preprocessing
2022-09-04 08:27:26,329:INFO:Declaring preprocessing parameters
2022-09-04 08:27:26,338:INFO:Creating preprocessing pipeline
2022-09-04 08:27:26,366:INFO:Preprocessing pipeline created successfully
2022-09-04 08:27:26,370:ERROR:(Process Exit): setup has been interupted with user command 'quit'. setup must rerun.
2022-09-04 08:27:26,372:INFO:Creating global containers
2022-09-04 08:27:26,377:INFO:Internal pipeline: Pipeline(memory=None, steps=[('empty_step', 'passthrough')], verbose=False)
2022-09-04 08:27:30,067:WARNING:Wrong xgboost version. Expected xgboost>=1.1.0, got xgboost==0.90
2022-09-04 08:27:30,076:WARNING:Couldn't import catboost.CatBoostRegressor
2022-09-04 08:27:30,404:WARNING:Wrong xgboost version. Expected xgboost>=1.1.0, got xgboost==0.90
2022-09-04 08:27:30,413:WARNING:Couldn't import catboost.CatBoostRegressor
2022-09-04 08:27:30,420:INFO:Creating grid variables
2022-09-04 08:27:30,459:INFO:create_model_container: 0
2022-09-04 08:27:30,462:INFO:master_model_container: 0
2022-09-04 08:27:30,465:INFO:display_container: 1
2022-09-04 08:27:30,478:INFO:Pipeline(memory=None,
         steps=[('dtypes',
                 DataTypes_Auto_infer(categorical_features=[],
                                      display_types=True, features_todrop=[],
                                      id_columns=[], ml_usecase='regression',
                                      numerical_features=[], target='charges',
                                      time_features=[])),
                ('imputer',
                 Simple_Imputer(categorical_strategy='not_available',
                                fill_value_categorical=None,
                                fill_value_numerical=None,
                                numeric_strategy...
                ('scaling', 'passthrough'), ('P_transform', 'passthrough'),
                ('binn', 'passthrough'), ('rem_outliers', 'passthrough'),
                ('cluster_all', 'passthrough'),
                ('dummy', Dummify(target='charges')),
                ('fix_perfect', Remove_100(target='charges')),
                ('clean_names', Clean_Colum_Names()),
                ('feature_select', 'passthrough'), ('fix_multi', 'passthrough'),
                ('dfs', 'passthrough'), ('pca', 'passthrough')],
         verbose=False)
2022-09-04 08:27:30,482:INFO:setup() succesfully completed......................................
2022-09-04 08:27:33,159:INFO:Initializing create_model()
2022-09-04 08:27:33,169:INFO:create_model(estimator=lr, fold=None, round=4, cross_validation=True, predict=True, fit_kwargs=None, groups=None, refit=True, verbose=True, system=True, metrics=None, experiment_custom_tags=None, add_to_model_list=True, probability_threshold=None, display=None, return_train_score=False, kwargs={})
2022-09-04 08:27:33,176:INFO:Checking exceptions
2022-09-04 08:27:33,181:INFO:Preparing display monitor
2022-09-04 08:27:33,258:INFO:Importing libraries
2022-09-04 08:27:33,264:INFO:Copying training dataset
2022-09-04 08:27:33,266:INFO:Defining folds
2022-09-04 08:27:33,271:INFO:Declaring metric variables
2022-09-04 08:27:33,310:INFO:Importing untrained model
2022-09-04 08:27:33,335:INFO:Linear Regression Imported succesfully
2022-09-04 08:27:33,398:INFO:Starting cross validation
2022-09-04 08:27:33,407:INFO:Cross validating with KFold(n_splits=10, random_state=None, shuffle=False), n_jobs=-1
2022-09-04 08:27:38,741:INFO:Calculating mean and std
2022-09-04 08:27:38,757:INFO:Creating metrics dataframe
2022-09-04 08:27:38,794:INFO:Finalizing model
2022-09-04 08:27:38,833:INFO:Uploading results into container
2022-09-04 08:27:38,838:INFO:Uploading model into container now
2022-09-04 08:27:38,889:INFO:create_model_container: 1
2022-09-04 08:27:38,896:INFO:master_model_container: 1
2022-09-04 08:27:38,902:INFO:display_container: 2
2022-09-04 08:27:38,909:INFO:LinearRegression(copy_X=True, fit_intercept=True, n_jobs=-1, normalize=False)
2022-09-04 08:27:38,915:INFO:create_model() succesfully completed......................................
2022-09-04 08:27:42,249:INFO:Initializing plot_model()
2022-09-04 08:27:42,253:INFO:plot_model(fold=None, use_train_data=False, verbose=True, is_in_evaluate=False, display=None, display_format=None, estimator=LinearRegression(copy_X=True, fit_intercept=True, n_jobs=-1, normalize=False), feature_name=None, fit_kwargs=None, groups=None, label=False, plot=residuals, plot_kwargs=None, save=False, scale=1, system=True)
2022-09-04 08:27:42,254:INFO:Checking exceptions
2022-09-04 08:27:42,257:INFO:Preparing display monitor
2022-09-04 08:27:42,277:INFO:Preloading libraries
2022-09-04 08:27:42,281:INFO:Copying training dataset
2022-09-04 08:27:42,285:INFO:Copying test dataset
2022-09-04 08:27:42,287:INFO:Plot type: residuals
2022-09-04 08:27:42,341:INFO:Fitting Model
2022-09-04 08:27:42,395:INFO:Scoring test/hold-out set
2022-09-04 08:27:43,059:INFO:Visual Rendered Successfully
2022-09-04 08:27:43,176:INFO:plot_model() succesfully completed......................................
2022-09-04 08:27:46,842:INFO:PyCaret Supervised Module
2022-09-04 08:27:46,845:INFO:ML Usecase: regression
2022-09-04 08:27:46,846:INFO:version 2.3.10
2022-09-04 08:27:46,850:INFO:Initializing setup()
2022-09-04 08:27:46,852:INFO:setup(target=charges, ml_usecase=regression, available_plots={'parameter': 'Hyperparameters', 'residuals': 'Residuals', 'error': 'Prediction Error', 'cooks': 'Cooks Distance', 'rfe': 'Feature Selection', 'learning': 'Learning Curve', 'manifold': 'Manifold Learning', 'vc': 'Validation Curve', 'feature': 'Feature Importance', 'feature_all': 'Feature Importance (All)', 'tree': 'Decision Tree', 'residuals_interactive': 'Interactive Residuals'}, train_size=0.7, test_data=None, preprocess=True, imputation_type=simple, iterative_imputation_iters=5, categorical_features=None, categorical_imputation=constant, categorical_iterative_imputer=lightgbm, ordinal_features=None, high_cardinality_features=None, high_cardinality_method=frequency, numeric_features=None, numeric_imputation=mean, numeric_iterative_imputer=lightgbm, date_features=None, ignore_features=None, normalize=True, normalize_method=zscore, transformation=False, transformation_method=yeo-johnson, handle_unknown_categorical=True, unknown_categorical_method=least_frequent, pca=False, pca_method=linear, pca_components=None, ignore_low_variance=False, combine_rare_levels=False, rare_level_threshold=0.1, bin_numeric_features=['age', 'bmi'], remove_outliers=False, outliers_threshold=0.05, remove_multicollinearity=False, multicollinearity_threshold=0.9, remove_perfect_collinearity=True, create_clusters=False, cluster_iter=20, polynomial_features=True, polynomial_degree=2, trigonometry_features=True, polynomial_threshold=0.1, group_features=None, group_names=None, feature_selection=False, feature_selection_threshold=0.8, feature_selection_method=classic, feature_interaction=True, feature_ratio=False, interaction_threshold=0.01, fix_imbalance=False, fix_imbalance_method=None, transform_target=False, transform_target_method=box-cox, data_split_shuffle=True, data_split_stratify=False, fold_strategy=kfold, fold=10, fold_shuffle=False, fold_groups=None, n_jobs=-1, use_gpu=False, custom_pipeline=None, html=True, session_id=123, log_experiment=False, experiment_name=None, experiment_custom_tags=None, log_plots=False, log_profile=False, log_data=False, silent=False, verbose=True, profile=False, profile_kwargs=None, display=None)
2022-09-04 08:27:46,854:INFO:Checking environment
2022-09-04 08:27:46,856:INFO:python_version: 3.7.13
2022-09-04 08:27:46,859:INFO:python_build: ('default', 'Apr 24 2022 01:04:09')
2022-09-04 08:27:46,862:INFO:machine: x86_64
2022-09-04 08:27:46,863:INFO:platform: Linux-5.4.188+-x86_64-with-Ubuntu-18.04-bionic
2022-09-04 08:27:46,866:INFO:Memory: svmem(total=13617745920, available=11958444032, percent=12.2, used=1443872768, free=7279702016, active=1868619776, inactive=4123443200, buffers=91648000, cached=4802523136, shared=1265664, slab=268517376)
2022-09-04 08:27:46,869:INFO:Physical Core: 1
2022-09-04 08:27:46,871:INFO:Logical Core: 2
2022-09-04 08:27:46,873:INFO:Checking libraries
2022-09-04 08:27:46,875:INFO:pd==1.3.5
2022-09-04 08:27:46,878:INFO:numpy==1.19.5
2022-09-04 08:27:46,879:INFO:sklearn==0.23.2
2022-09-04 08:27:46,881:INFO:lightgbm==3.3.2
2022-09-04 08:27:46,883:WARNING:catboost not found
2022-09-04 08:27:46,886:INFO:xgboost==0.90
2022-09-04 08:27:46,887:INFO:mlflow==1.28.0
2022-09-04 08:27:46,890:INFO:Checking Exceptions
2022-09-04 08:27:46,892:INFO:Declaring global variables
2022-09-04 08:27:46,894:INFO:USI: 97cc
2022-09-04 08:27:46,895:INFO:pycaret_globals: {'_all_metrics', 'exp_name_log', 'iterative_imputation_iters_param', 'y_train', 'transform_target_param', 'display_container', 'logging_param', 'X_train', 'fold_groups_param_full', '_all_models', 'fold_param', 'X_test', '_all_models_internal', 'create_model_container', 'imputation_regressor', 'X', 'master_model_container', 'target_param', 'prep_pipe', 'n_jobs_param', 'html_param', 'dashboard_logger', '_ml_usecase', 'pycaret_globals', 'log_plots_param', 'seed', 'imputation_classifier', 'fold_shuffle_param', 'fix_imbalance_param', 'transform_target_method_param', 'experiment__', 'stratify_param', 'gpu_param', '_available_plots', 'USI', '_internal_pipeline', 'y', 'fold_groups_param', 'y_test', 'data_before_preprocess', 'fold_generator', 'fix_imbalance_method_param', '_gpu_n_jobs_param'}
2022-09-04 08:27:46,897:INFO:Preparing display monitor
2022-09-04 08:27:46,898:INFO:Preparing display monitor
2022-09-04 08:27:46,939:INFO:Importing libraries
2022-09-04 08:27:46,941:INFO:Copying data for preprocessing
2022-09-04 08:27:46,960:INFO:Declaring preprocessing parameters
2022-09-04 08:27:46,963:INFO:Creating preprocessing pipeline
2022-09-04 08:27:46,984:INFO:Preprocessing pipeline created successfully
2022-09-04 08:27:46,987:ERROR:(Process Exit): setup has been interupted with user command 'quit'. setup must rerun.
2022-09-04 08:27:46,988:INFO:Creating global containers
2022-09-04 08:27:46,990:INFO:Internal pipeline: Pipeline(memory=None, steps=[('empty_step', 'passthrough')], verbose=False)
2022-09-04 08:27:59,678:WARNING:Wrong xgboost version. Expected xgboost>=1.1.0, got xgboost==0.90
2022-09-04 08:27:59,681:WARNING:Couldn't import catboost.CatBoostRegressor
2022-09-04 08:27:59,823:WARNING:Wrong xgboost version. Expected xgboost>=1.1.0, got xgboost==0.90
2022-09-04 08:27:59,829:WARNING:Couldn't import catboost.CatBoostRegressor
2022-09-04 08:27:59,830:INFO:Creating grid variables
2022-09-04 08:27:59,855:INFO:create_model_container: 0
2022-09-04 08:27:59,861:INFO:master_model_container: 0
2022-09-04 08:27:59,864:INFO:display_container: 1
2022-09-04 08:27:59,877:INFO:Pipeline(memory=None,
         steps=[('dtypes',
                 DataTypes_Auto_infer(categorical_features=[],
                                      display_types=True, features_todrop=[],
                                      id_columns=[], ml_usecase='regression',
                                      numerical_features=[], target='charges',
                                      time_features=[])),
                ('imputer',
                 Simple_Imputer(categorical_strategy='not_available',
                                fill_value_categorical=None,
                                fill_value_numerical=None,
                                numeric_strategy...
                ('dummy', Dummify(target='charges')),
                ('fix_perfect', Remove_100(target='charges')),
                ('clean_names', Clean_Colum_Names()),
                ('feature_select', 'passthrough'), ('fix_multi', 'passthrough'),
                ('dfs',
                 DFS_Classic(interactions=['multiply'], ml_usecase='regression',
                             n_jobs=-1, random_state=123, subclass='binary',
                             target='charges',
                             top_features_to_pick_percentage=None)),
                ('pca', 'passthrough')],
         verbose=False)
2022-09-04 08:27:59,879:INFO:setup() succesfully completed......................................
2022-09-04 08:28:03,570:INFO:Initializing create_model()
2022-09-04 08:28:03,572:INFO:create_model(estimator=lr, fold=None, round=4, cross_validation=True, predict=True, fit_kwargs=None, groups=None, refit=True, verbose=True, system=True, metrics=None, experiment_custom_tags=None, add_to_model_list=True, probability_threshold=None, display=None, return_train_score=False, kwargs={})
2022-09-04 08:28:03,574:INFO:Checking exceptions
2022-09-04 08:28:03,575:INFO:Preparing display monitor
2022-09-04 08:28:03,619:INFO:Importing libraries
2022-09-04 08:28:03,622:INFO:Copying training dataset
2022-09-04 08:28:03,627:INFO:Defining folds
2022-09-04 08:28:03,630:INFO:Declaring metric variables
2022-09-04 08:28:03,647:INFO:Importing untrained model
2022-09-04 08:28:03,663:INFO:Linear Regression Imported succesfully
2022-09-04 08:28:03,695:INFO:Starting cross validation
2022-09-04 08:28:03,697:INFO:Cross validating with KFold(n_splits=10, random_state=None, shuffle=False), n_jobs=-1
2022-09-04 08:28:03,836:INFO:Calculating mean and std
2022-09-04 08:28:03,841:INFO:Creating metrics dataframe
2022-09-04 08:28:03,871:INFO:Finalizing model
2022-09-04 08:28:03,889:INFO:Uploading results into container
2022-09-04 08:28:03,894:INFO:Uploading model into container now
2022-09-04 08:28:03,923:INFO:create_model_container: 1
2022-09-04 08:28:03,925:INFO:master_model_container: 1
2022-09-04 08:28:03,928:INFO:display_container: 2
2022-09-04 08:28:03,932:INFO:LinearRegression(copy_X=True, fit_intercept=True, n_jobs=-1, normalize=False)
2022-09-04 08:28:03,934:INFO:create_model() succesfully completed......................................
2022-09-04 08:28:08,625:INFO:Initializing plot_model()
2022-09-04 08:28:08,630:INFO:plot_model(fold=None, use_train_data=False, verbose=True, is_in_evaluate=False, display=None, display_format=None, estimator=LinearRegression(copy_X=True, fit_intercept=True, n_jobs=-1, normalize=False), feature_name=None, fit_kwargs=None, groups=None, label=False, plot=residuals, plot_kwargs=None, save=False, scale=1, system=True)
2022-09-04 08:28:08,633:INFO:Checking exceptions
2022-09-04 08:28:08,634:INFO:Preparing display monitor
2022-09-04 08:28:08,655:INFO:Preloading libraries
2022-09-04 08:28:08,661:INFO:Copying training dataset
2022-09-04 08:28:08,664:INFO:Copying test dataset
2022-09-04 08:28:08,666:INFO:Plot type: residuals
2022-09-04 08:28:08,700:INFO:Fitting Model
2022-09-04 08:28:08,752:INFO:Scoring test/hold-out set
2022-09-04 08:28:09,303:INFO:Visual Rendered Successfully
2022-09-04 08:28:09,424:INFO:plot_model() succesfully completed......................................
2022-09-04 08:28:14,185:INFO:Initializing save_model()
2022-09-04 08:28:14,187:INFO:save_model(model=LinearRegression(copy_X=True, fit_intercept=True, n_jobs=-1, normalize=False), model_name=LR2-Experiment2, prep_pipe_=Pipeline(memory=None,
         steps=[('dtypes',
                 DataTypes_Auto_infer(categorical_features=[],
                                      display_types=True, features_todrop=[],
                                      id_columns=[], ml_usecase='regression',
                                      numerical_features=[], target='charges',
                                      time_features=[])),
                ('imputer',
                 Simple_Imputer(categorical_strategy='not_available',
                                fill_value_categorical=None,
                                fill_value_numerical=None,
                                numeric_strategy...
                ('dummy', Dummify(target='charges')),
                ('fix_perfect', Remove_100(target='charges')),
                ('clean_names', Clean_Colum_Names()),
                ('feature_select', 'passthrough'), ('fix_multi', 'passthrough'),
                ('dfs',
                 DFS_Classic(interactions=['multiply'], ml_usecase='regression',
                             n_jobs=-1, random_state=123, subclass='binary',
                             target='charges',
                             top_features_to_pick_percentage=None)),
                ('pca', 'passthrough')],
         verbose=False), verbose=True, kwargs={})
2022-09-04 08:28:14,189:INFO:Adding model into prep_pipe
2022-09-04 08:28:14,214:INFO:LR2-Experiment2.pkl saved in current working directory
2022-09-04 08:28:14,222:INFO:Pipeline(memory=None,
         steps=[('dtypes',
                 DataTypes_Auto_infer(categorical_features=[],
                                      display_types=True, features_todrop=[],
                                      id_columns=[], ml_usecase='regression',
                                      numerical_features=[], target='charges',
                                      time_features=[])),
                ('imputer',
                 Simple_Imputer(categorical_strategy='not_available',
                                fill_value_categorical=None,
                                fill_value_numerical=None,
                                numeric_strategy...
                ('feature_select', 'passthrough'), ('fix_multi', 'passthrough'),
                ('dfs',
                 DFS_Classic(interactions=['multiply'], ml_usecase='regression',
                             n_jobs=-1, random_state=123, subclass='binary',
                             target='charges',
                             top_features_to_pick_percentage=None)),
                ('pca', 'passthrough'),
                ['trained_model',
                 LinearRegression(copy_X=True, fit_intercept=True, n_jobs=-1,
                                  normalize=False)]],
         verbose=False)
2022-09-04 08:28:14,228:INFO:save_model() successfully completed......................................
2022-09-04 08:28:19,371:INFO:Initializing load_model()
2022-09-04 08:28:19,373:INFO:load_model(model_name=LR2-Experiment2, platform=None, authentication=None, verbose=True)
2022-09-04 08:28:24,233:INFO:Initializing load_model()
2022-09-04 08:28:24,236:INFO:load_model(model_name=LR2-Experiment2, platform=None, authentication=None, verbose=True)
